<?xml version="1.0" encoding="UTF-8"?>
<!-- Generated by org.testng.reporters.JUnitXMLReporter -->
<testsuite ignored="0" hostname="LAPTOP-AOVIL64H" failures="0" tests="3" name="Default test" time="18.089" errors="0" timestamp="2024-03-15T23:42:45 IST">
  <testcase classname="com.qa.testcases.TC_RegisterPage_002" name="test1" time="4.794"/>
  <testcase classname="com.qa.testcases.TC_RegisterPage_002" name="test2" time="3.604"/>
  <testcase classname="com.qa.testcases.TC_RegisterPage_002" name="validateRegistration" time="0.061"/>
</testsuite> <!-- Default test -->
