<?xml version="1.0" encoding="UTF-8"?>
<!-- Generated by org.testng.reporters.JUnitXMLReporter -->
<testsuite ignored="0" hostname="LAPTOP-AOVIL64H" failures="0" tests="3" name="Default test" time="7.764" errors="0" timestamp="2024-03-16T16:27:01 IST">
  <testcase classname="com.qa.testcases.TC_ValidateMainElements_005" name="test1" time="2.743"/>
  <testcase classname="com.qa.testcases.TC_ValidateMainElements_005" name="test2" time="0.177"/>
  <testcase classname="com.qa.testcases.TC_ValidateMainElements_005" name="test3" time="0.023"/>
</testsuite> <!-- Default test -->
