<?xml version="1.0" encoding="UTF-8"?>
<testng-results ignored="0" total="3" passed="3" failed="0" skipped="0">
  <reporter-output>
  </reporter-output>
  <suite started-at="2024-03-15T23:42:27 IST" name="Default suite" finished-at="2024-03-15T23:42:45 IST" duration-ms="18089">
    <groups>
    </groups>
    <test started-at="2024-03-15T23:42:27 IST" name="Default test" finished-at="2024-03-15T23:42:45 IST" duration-ms="18089">
      <class name="com.qa.testcases.TC_RegisterPage_002">
        <test-method is-config="true" signature="setUp()[pri:0, instance:com.qa.testcases.TC_RegisterPage_002@7393222f]" started-at="2024-03-15T23:42:27 IST" name="setUp" finished-at="2024-03-15T23:42:36 IST" duration-ms="8745" status="PASS">
          <reporter-output>
          </reporter-output>
        </test-method> <!-- setUp -->
        <test-method signature="test1()[pri:1, instance:com.qa.testcases.TC_RegisterPage_002@7393222f]" started-at="2024-03-15T23:42:36 IST" name="test1" finished-at="2024-03-15T23:42:41 IST" duration-ms="4794" status="PASS">
          <reporter-output>
          </reporter-output>
        </test-method> <!-- test1 -->
        <test-method signature="test2()[pri:2, instance:com.qa.testcases.TC_RegisterPage_002@7393222f]" started-at="2024-03-15T23:42:41 IST" name="test2" finished-at="2024-03-15T23:42:45 IST" duration-ms="3604" status="PASS">
          <reporter-output>
          </reporter-output>
        </test-method> <!-- test2 -->
        <test-method signature="validateRegistration()[pri:3, instance:com.qa.testcases.TC_RegisterPage_002@7393222f]" started-at="2024-03-15T23:42:45 IST" name="validateRegistration" finished-at="2024-03-15T23:42:45 IST" duration-ms="61" status="PASS">
          <reporter-output>
          </reporter-output>
        </test-method> <!-- validateRegistration -->
        <test-method is-config="true" signature="tearDown()[pri:0, instance:com.qa.testcases.TC_RegisterPage_002@7393222f]" started-at="2024-03-15T23:42:45 IST" name="tearDown" finished-at="2024-03-15T23:42:45 IST" duration-ms="473" status="PASS">
          <reporter-output>
          </reporter-output>
        </test-method> <!-- tearDown -->
      </class> <!-- com.qa.testcases.TC_RegisterPage_002 -->
    </test> <!-- Default test -->
  </suite> <!-- Default suite -->
</testng-results>
