<?xml version="1.0" encoding="UTF-8"?>
<testng-results ignored="0" total="3" passed="3" failed="0" skipped="0">
  <reporter-output>
  </reporter-output>
  <suite started-at="2024-03-16T16:26:54 IST" name="Default suite" finished-at="2024-03-16T16:27:01 IST" duration-ms="7764">
    <groups>
    </groups>
    <test started-at="2024-03-16T16:26:54 IST" name="Default test" finished-at="2024-03-16T16:27:01 IST" duration-ms="7764">
      <class name="com.qa.testcases.TC_ValidateMainElements_005">
        <test-method is-config="true" signature="setUp()[pri:0, instance:com.qa.testcases.TC_ValidateMainElements_005@7393222f]" started-at="2024-03-16T16:26:54 IST" name="setUp" finished-at="2024-03-16T16:26:58 IST" duration-ms="4069" status="PASS">
          <reporter-output>
          </reporter-output>
        </test-method> <!-- setUp -->
        <test-method signature="test1()[pri:1, instance:com.qa.testcases.TC_ValidateMainElements_005@7393222f]" started-at="2024-03-16T16:26:58 IST" name="test1" finished-at="2024-03-16T16:27:01 IST" duration-ms="2743" status="PASS">
          <reporter-output>
          </reporter-output>
        </test-method> <!-- test1 -->
        <test-method signature="test2()[pri:2, instance:com.qa.testcases.TC_ValidateMainElements_005@7393222f]" started-at="2024-03-16T16:27:01 IST" name="test2" finished-at="2024-03-16T16:27:01 IST" duration-ms="177" status="PASS">
          <reporter-output>
          </reporter-output>
        </test-method> <!-- test2 -->
        <test-method signature="test3()[pri:3, instance:com.qa.testcases.TC_ValidateMainElements_005@7393222f]" started-at="2024-03-16T16:27:01 IST" name="test3" finished-at="2024-03-16T16:27:01 IST" duration-ms="23" status="PASS">
          <reporter-output>
          </reporter-output>
        </test-method> <!-- test3 -->
        <test-method is-config="true" signature="tearDown()[pri:0, instance:com.qa.testcases.TC_ValidateMainElements_005@7393222f]" started-at="2024-03-16T16:27:01 IST" name="tearDown" finished-at="2024-03-16T16:27:01 IST" duration-ms="529" status="PASS">
          <reporter-output>
          </reporter-output>
        </test-method> <!-- tearDown -->
      </class> <!-- com.qa.testcases.TC_ValidateMainElements_005 -->
    </test> <!-- Default test -->
  </suite> <!-- Default suite -->
</testng-results>
